day 0 hour 0 用户karl注册成功
day 0 hour 0 用户bob登录系统
day 0 hour 16 用户bob所处城市变为：0
day 1 hour 20 用户bob所处城市变为：7
day 1 hour 20 用户bob退出系统
day 1 hour 20 用户alice登录系统
day 1 hour 20 用户bob登录系统
day 2 hour 8 用户alice所处城市变为：杭州
day 2 hour 9 用户alice所处城市变为：南京
day 2 hour 11 用户bob所处城市变为：深圳
day 2 hour 11 用户alice所处城市变为：武汉
day 3 hour 13 用户bob所处城市变为：重庆
day 3 hour 21 用户bob所处城市变为：宁波
day 3 hour 21 用户bob退出系统
day 3 hour 21 用户alice退出系统
day 3 hour 21 用户alice登录系统
day 3 hour 21 用户bob登录系统
day 3 hour 21 用户alice登录系统
day 3 hour 21 用户bob登录系统
day 4 hour 7 用户bob所处城市变为：杭州
day 4 hour 7 用户alice所处城市变为：北京
day 4 hour 8 用户bob所处城市变为：南京
day 4 hour 9 用户alice所处城市变为：上海
day 4 hour 10 用户bob所处城市变为：重庆
day 4 hour 10 用户alice所处城市变为：宁波
day 4 hour 10 用户alice所处城市变为：武汉
day 4 hour 12 用户alice所处城市变为：成都
day 4 hour 16 用户alice所处城市变为：深圳
day 5 hour 6 用户bob所处城市变为：上海
day 5 hour 9 用户alice所处城市变为：杭州
day 5 hour 11 用户bob所处城市变为：宁波
day 5 hour 22 用户bob所处城市变为：武汉
day 6 hour 8 用户bob所处城市变为：成都
day 6 hour 15 用户alice所处城市变为：北京
day 6 hour 15 用户bob退出系统
day 6 hour 15 用户alice退出系统
day 6 hour 15 用户alice登录系统
day 6 hour 15 用户bob登录系统
day 6 hour 15 用户bob登录系统
day 6 hour 15 用户bob登录系统
day 6 hour 15 用户bob登录系统
day 6 hour 15 用户bob登录系统
day 7 hour 9 用户bob所处城市变为：深圳
day 8 hour 4 用户bob所处城市变为：宁波
day 6 hour 15 用户bob登录系统
day 6 hour 15 用户new注册成功
day 6 hour 15 用户new登录系统
day 6 hour 15 用户bob登录系统
day 6 hour 15 用户alice登录系统
day 6 hour 15 用户bob登录系统
day 6 hour 15 用户bob登录系统
day 6 hour 20 用户bob所处城市变为：广州
day 7 hour 16 用户bob所处城市变为：宁波
day 7 hour 23 用户bob所处城市变为：苏州
day 9 hour 10 用户bob所处城市变为：北京
day 6 hour 15 用户bob登录系统
day 6 hour 20 用户bob所处城市变为：广州
day 7 hour 16 用户bob所处城市变为：宁波
day 7 hour 19 用户bob所处城市变为：苏州
day 8 hour 10 用户bob所处城市变为：北京
day 8 hour 16 用户bob所处城市变为：广州
day 8 hour 17 用户bob所处城市变为：宁波
day 8 hour 20 用户bob所处城市变为：苏州
day 9 hour 10 用户bob所处城市变为：北京
day 9 hour 10 用户bob退出系统
day 9 hour 10 用户alice登录系统
day 12 hour 15 用户alice退出系统
day 12 hour 15 用户alice登录系统
day 12 hour 23 用户alice退出系统
day 12 hour 23 用户bob登录系统
day 13 hour 9 用户bob所处城市变为：广州
day 13 hour 9 用户alice登录系统
day 14 hour 6 用户bob所处城市变为：北京
day 14 hour 9 用户bob所处城市变为：广州
day 15 hour 2 用户bob退出系统
day 15 hour 2 用户alice退出系统
day 15 hour 2 用户alice登录系统
day 15 hour 6 用户alice所处城市变为：杭州
day 15 hour 8 用户alice所处城市变为：长沙
day 15 hour 8 用户bob登录系统
day 15 hour 11 用户alice所处城市变为：上海
day 15 hour 14 用户alice所处城市变为：成都
day 15 hour 15 用户alice所处城市变为：武汉
day 15 hour 16 用户alice所处城市变为：重庆
day 15 hour 19 用户bob所处城市变为：北京
day 16 hour 18 用户bob所处城市变为：深圳
day 16 hour 18 用户alice所处城市变为：杭州
day 16 hour 20 用户alice所处城市变为：长沙
day 16 hour 20 用户bob退出系统
day 16 hour 20 用户alice退出系统
day 16 hour 20 用户bob登录系统
day 16 hour 20 用户bob所处城市变为：上海
day 16 hour 22 用户bob所处城市变为：杭州
day 17 hour 11 用户bob所处城市变为：宁波
day 17 hour 11 用户bob退出系统
day 17 hour 11 用户bob登录系统
day 18 hour 6 用户bob所处城市变为：深圳
day 18 hour 8 用户bob所处城市变为：宁波
day 19 hour 22 用户bob所处城市变为：武汉
day 20 hour 5 用户bob所处城市变为：重庆
day 20 hour 5 用户bob退出系统
day 20 hour 5 用户bob登录系统
day 20 hour 8 用户bob所处城市变为：深圳
day 20 hour 9 用户bob所处城市变为：广州
day 21 hour 8 用户bob所处城市变为：南京
day 21 hour 8 用户bob退出系统
day 21 hour 8 用户bob登录系统
day 21 hour 16 用户bob所处城市变为：北京
day 21 hour 16 用户bob退出系统
day 21 hour 16 用户alice登录系统
day 21 hour 16 用户alice退出系统
